Flutter crash report; please file at https://github.com/flutter/flutter/issues.

## command

flutter build bundle --suppress-analytics --target C:\Users\Charles\workspace\flutter_common\lib\main.dart --preview-dart-2 --target-platform android-arm64 --depfile C:\Users\Charles\workspace\flutter_common\build\app\intermediates\flutter\debug/snapshot_blob.bin.d --asset-dir C:\Users\Charles\workspace\flutter_common\build\app\intermediates\flutter\debug/flutter_assets --debug

## exception

FileSystemException: FileSystemException: Deletion failed, path = 'C:\Users\Charles\workspace\flutter_common\build\app\intermediates\flutter\debug/flutter_assets' (OS Error: 目录不是空的。
, errno = 145)

```
#0      _Directory._deleteSync (dart:io/directory_impl.dart:207:7)
#1      FileSystemEntity.deleteSync (dart:io/file_system_entity.dart:466:47)
#2      ForwardingFileSystemEntity.deleteSync (package:file/src/forwarding/forwarding_file_system_entity.dart:72:16)
#3      writeBundle (package:flutter_tools/src/bundle.dart:221:15)
<asynchronous suspension>
#4      assemble (package:flutter_tools/src/bundle.dart:214:9)
<asynchronous suspension>
#5      build (package:flutter_tools/src/bundle.dart:133:9)
<asynchronous suspension>
#6      BuildBundleCommand.runCommand (package:flutter_tools/src/commands/build_bundle.dart:95:11)
<asynchronous suspension>
#7      FlutterCommand.verifyThenRunCommand (package:flutter_tools/src/runner/flutter_command.dart:347:18)
<asynchronous suspension>
#8      FlutterCommand.run.<anonymous closure> (package:flutter_tools/src/runner/flutter_command.dart:282:33)
<asynchronous suspension>
#9      AppContext.run.<anonymous closure> (package:flutter_tools/src/base/context.dart:142:29)
<asynchronous suspension>
#10     _rootRun (dart:async/zone.dart:1126:13)
#11     _CustomZone.run (dart:async/zone.dart:1023:19)
#12     _runZoned (dart:async/zone.dart:1518:10)
#13     runZoned (dart:async/zone.dart:1465:12)
#14     AppContext.run (package:flutter_tools/src/base/context.dart:141:18)
<asynchronous suspension>
#15     FlutterCommand.run (package:flutter_tools/src/runner/flutter_command.dart:273:20)
#16     CommandRunner.runCommand (package:args/command_runner.dart:194:27)
<asynchronous suspension>
#17     FlutterCommandRunner.runCommand.<anonymous closure> (package:flutter_tools/src/runner/flutter_command_runner.dart:346:21)
<asynchronous suspension>
#18     AppContext.run.<anonymous closure> (package:flutter_tools/src/base/context.dart:142:29)
<asynchronous suspension>
#19     _rootRun (dart:async/zone.dart:1126:13)
#20     _CustomZone.run (dart:async/zone.dart:1023:19)
#21     _runZoned (dart:async/zone.dart:1518:10)
#22     runZoned (dart:async/zone.dart:1465:12)
#23     AppContext.run (package:flutter_tools/src/base/context.dart:141:18)
<asynchronous suspension>
#24     FlutterCommandRunner.runCommand (package:flutter_tools/src/runner/flutter_command_runner.dart:302:19)
<asynchronous suspension>
#25     CommandRunner.run.<anonymous closure> (package:args/command_runner.dart:109:29)
#26     new Future.sync (dart:async/future.dart:222:31)
#27     CommandRunner.run (package:args/command_runner.dart:109:11)
#28     FlutterCommandRunner.run (package:flutter_tools/src/runner/flutter_command_runner.dart:211:18)
#29     run.<anonymous closure> (package:flutter_tools/runner.dart:59:20)
<asynchronous suspension>
#30     AppContext.run.<anonymous closure> (package:flutter_tools/src/base/context.dart:142:29)
<asynchronous suspension>
#31     _rootRun (dart:async/zone.dart:1126:13)
#32     _CustomZone.run (dart:async/zone.dart:1023:19)
#33     _runZoned (dart:async/zone.dart:1518:10)
#34     runZoned (dart:async/zone.dart:1465:12)
#35     AppContext.run (package:flutter_tools/src/base/context.dart:141:18)
<asynchronous suspension>
#36     runInContext (package:flutter_tools/src/context_runner.dart:42:24)
<asynchronous suspension>
#37     run (package:flutter_tools/runner.dart:50:10)
#38     main (package:flutter_tools/executable.dart:51:9)
<asynchronous suspension>
#39     main (file:///C:/Users/Charles/flutter/packages/flutter_tools/bin/flutter_tools.dart:8:3)
#40     _startIsolate.<anonymous closure> (dart:isolate/runtime/libisolate_patch.dart:277:32)
#41     _RawReceivePortImpl._handleMessage (dart:isolate/runtime/libisolate_patch.dart:165:12)
```

## flutter doctor

```
[✓] Flutter (Channel master, v0.5.8-pre.152, on Microsoft Windows [Version 10.0.17134.165], locale zh-CN)
    • Flutter version 0.5.8-pre.152 at C:\Users\Charles\flutter
    • Framework revision 8b05629658 (4 hours ago), 2018-07-26 19:12:04 -0700
    • Engine revision 6f7bdc9fab
    • Dart version 2.0.0-dev.69.3.flutter-937ee2e8ca

[!] Android toolchain - develop for Android devices (Android SDK 28.0.1)
    • Android SDK at C:/Users/Charles/AppData/Local/Android/sdk
    • Android NDK location not configured (optional; useful for native profiling support)
    • Platform android-28, build-tools 28.0.1
    • ANDROID_HOME = C:/Users/Charles/AppData/Local/Android/sdk
    • Java binary at: C:\Users\Charles\Desktop\develop\android-studio\jre\bin\java
    • Java version OpenJDK Runtime Environment (build 1.8.0_152-release-1136-b04)
    ! Some Android licenses not accepted.  To resolve this, run: flutter doctor --android-licenses

[✓] Android Studio (version 3.2)
    • Android Studio at C:\Users\Charles\Desktop\develop\android-studio
    ✗ Flutter plugin not installed; this adds Flutter specific functionality.
    ✗ Dart plugin not installed; this adds Dart specific functionality.
    • Java version OpenJDK Runtime Environment (build 1.8.0_152-release-1136-b04)

[!] IntelliJ IDEA Ultimate Edition (version 2017.2)
    • IntelliJ at C:\Program Files\JetBrains\IntelliJ IDEA 2017.2.5
    ✗ Flutter plugin not installed; this adds Flutter specific functionality.
    ✗ Dart plugin not installed; this adds Dart specific functionality.
    • For information about installing plugins, see
      https://flutter.io/intellij-setup/#installing-the-plugins

[!] VS Code, 32-bit edition (version 1.23.1)
    • VS Code at C:\Program Files (x86)\Microsoft VS Code
    • Flutter extension not installed; install from
      https://marketplace.visualstudio.com/items?itemName=Dart-Code.flutter

[✓] Connected devices (2 available)
    • MI 5X                     • 289550280304  • android-arm64 • Android 7.1.2 (API 25)
    • Android SDK built for x86 • emulator-5554 • android-x86   • Android P (API 27) (emulator)

! Doctor found issues in 3 categories.
```
